INFO [2024-10-14 12:31:06] ###
INFO [2024-10-14 12:31:06] ###
INFO [2024-10-14 12:31:06] Deconfounding run started
WARN [2024-10-14 12:31:06] Unallowed characters detected in rownames and/or colnames of featureMat and/or metaMat!

              metadeconfoundR will try to remove these characters using the make.names() function.
INFO [2024-10-14 12:31:06] Checking robustness of data for covariates
INFO [2024-10-14 12:31:06] Computation of naive associations started.
INFO [2024-10-14 12:38:38] ###
INFO [2024-10-14 12:38:38] ###
INFO [2024-10-14 12:38:38] Deconfounding run started
WARN [2024-10-14 12:38:38] Unallowed characters detected in rownames and/or colnames of featureMat and/or metaMat!

              metadeconfoundR will try to remove these characters using the make.names() function.
INFO [2024-10-14 12:38:38] Checking robustness of data for covariates
INFO [2024-10-14 12:38:38] Computation of naive associations started.
INFO [2024-10-14 12:38:42] NaiveAssociation -- processed 100% of features.
INFO [2024-10-14 12:38:49] Deconfounding -- processed 100% of features.
INFO [2024-10-14 12:38:49] MetadecondoundR run completed successfully!
INFO [2024-10-14 12:45:20] ###
INFO [2024-10-14 12:45:20] ###
INFO [2024-10-14 12:45:20] Deconfounding run started
WARN [2024-10-14 12:45:20] Unallowed characters detected in rownames and/or colnames of featureMat and/or metaMat!

              metadeconfoundR will try to remove these characters using the make.names() function.
INFO [2024-10-14 12:45:20] Checking robustness of data for covariates
INFO [2024-10-14 12:45:20] Computation of naive associations started.
INFO [2024-10-14 12:45:25] NaiveAssociation -- processed 100% of features.
INFO [2024-10-14 12:45:29] Deconfounding -- processed 100% of features.
INFO [2024-10-14 12:45:29] MetadecondoundR run completed successfully!
INFO [2024-10-14 13:46:50] ###
INFO [2024-10-14 13:46:50] ###
INFO [2024-10-14 13:46:50] Deconfounding run started
WARN [2024-10-14 13:46:50] Unallowed characters detected in rownames and/or colnames of featureMat and/or metaMat!

              metadeconfoundR will try to remove these characters using the make.names() function.
INFO [2024-10-14 13:46:50] Checking robustness of data for covariates
INFO [2024-10-14 13:46:50] Computation of naive associations started.
INFO [2024-10-14 13:46:54] NaiveAssociation -- processed 100% of features.
INFO [2024-10-14 13:46:58] Deconfounding -- processed 100% of features.
INFO [2024-10-14 13:46:58] MetadecondoundR run completed successfully!
INFO [2024-10-14 14:38:14] ###
INFO [2024-10-14 14:38:14] ###
INFO [2024-10-14 14:38:14] Deconfounding run started
WARN [2024-10-14 14:38:14] Unallowed characters detected in rownames and/or colnames of featureMat and/or metaMat!

              metadeconfoundR will try to remove these characters using the make.names() function.
INFO [2024-10-14 14:38:14] Checking robustness of data for covariates
INFO [2024-10-14 14:38:14] Computation of naive associations started.
INFO [2024-10-14 14:38:28] NaiveAssociation -- processed 100% of features.
INFO [2024-10-14 14:38:42] Deconfounding -- processed 100% of features.
INFO [2024-10-14 14:38:42] MetadecondoundR run completed successfully!
INFO [2024-10-14 19:49:53] ###
INFO [2024-10-14 19:49:53] ###
INFO [2024-10-14 19:49:53] Deconfounding run started
WARN [2024-10-14 19:49:53] Unallowed characters detected in rownames and/or colnames of featureMat and/or metaMat!

              metadeconfoundR will try to remove these characters using the make.names() function.
INFO [2024-10-14 19:49:53] Checking robustness of data for covariates
INFO [2024-10-14 19:49:53] Computation of naive associations started.
INFO [2024-10-14 19:50:07] NaiveAssociation -- processed 100% of features.
INFO [2024-10-14 19:50:21] Deconfounding -- processed 100% of features.
INFO [2024-10-14 19:50:21] MetadecondoundR run completed successfully!
INFO [2024-10-14 20:08:09] ###
INFO [2024-10-14 20:08:09] ###
INFO [2024-10-14 20:08:09] Deconfounding run started
WARN [2024-10-14 20:08:09] Unallowed characters detected in rownames and/or colnames of featureMat and/or metaMat!

              metadeconfoundR will try to remove these characters using the make.names() function.
INFO [2024-10-14 20:08:10] Checking robustness of data for covariates
INFO [2024-10-14 20:08:10] Computation of naive associations started.
INFO [2024-10-14 20:08:24] NaiveAssociation -- processed 100% of features.
INFO [2024-10-14 20:08:30] Deconfounding -- processed 100% of features.
INFO [2024-10-14 20:08:30] MetadecondoundR run completed successfully!
INFO [2024-10-14 20:49:41] ###
INFO [2024-10-14 20:49:41] ###
INFO [2024-10-14 20:49:41] Deconfounding run started
WARN [2024-10-14 20:49:41] Unallowed characters detected in rownames and/or colnames of featureMat and/or metaMat!

              metadeconfoundR will try to remove these characters using the make.names() function.
INFO [2024-10-14 20:49:41] Checking robustness of data for covariates
INFO [2024-10-14 20:49:41] Computation of naive associations started.
INFO [2024-10-14 20:49:53] NaiveAssociation -- processed 100% of features.
INFO [2024-10-14 20:50:06] Deconfounding -- processed 100% of features.
INFO [2024-10-14 20:50:06] MetadecondoundR run completed successfully!
INFO [2024-10-14 22:16:19] ###
INFO [2024-10-14 22:16:19] ###
INFO [2024-10-14 22:16:19] Deconfounding run started
WARN [2024-10-14 22:16:19] Unallowed characters detected in rownames and/or colnames of featureMat and/or metaMat!

              metadeconfoundR will try to remove these characters using the make.names() function.
INFO [2024-10-14 22:16:19] Checking robustness of data for covariates
INFO [2024-10-14 22:16:19] Computation of naive associations started.
INFO [2024-10-14 22:16:32] NaiveAssociation -- processed 100% of features.
INFO [2024-10-14 22:16:45] Deconfounding -- processed 100% of features.
INFO [2024-10-14 22:16:45] MetadecondoundR run completed successfully!
INFO [2024-10-14 22:54:09] ###
INFO [2024-10-14 22:54:09] ###
INFO [2024-10-14 22:54:09] Deconfounding run started
WARN [2024-10-14 22:54:09] Unallowed characters detected in rownames and/or colnames of featureMat and/or metaMat!

              metadeconfoundR will try to remove these characters using the make.names() function.
INFO [2024-10-14 22:54:09] Checking robustness of data for covariates
INFO [2024-10-14 22:54:09] Computation of naive associations started.
INFO [2024-10-14 22:54:23] NaiveAssociation -- processed 100% of features.
INFO [2024-10-14 22:54:37] Deconfounding -- processed 100% of features.
INFO [2024-10-14 22:54:37] MetadecondoundR run completed successfully!
INFO [2024-10-14 23:14:16] ###
INFO [2024-10-14 23:14:16] ###
INFO [2024-10-14 23:14:16] Deconfounding run started
WARN [2024-10-14 23:14:16] Unallowed characters detected in rownames and/or colnames of featureMat and/or metaMat!

              metadeconfoundR will try to remove these characters using the make.names() function.
INFO [2024-10-14 23:14:16] Checking robustness of data for covariates
INFO [2024-10-14 23:14:16] Computation of naive associations started.
INFO [2024-10-14 23:14:20] NaiveAssociation -- processed 100% of features.
INFO [2024-10-14 23:14:24] Deconfounding -- processed 100% of features.
INFO [2024-10-14 23:14:24] MetadecondoundR run completed successfully!
INFO [2024-10-14 23:26:12] ###
INFO [2024-10-14 23:26:12] ###
INFO [2024-10-14 23:26:12] Deconfounding run started
WARN [2024-10-14 23:26:12] Unallowed characters detected in rownames and/or colnames of featureMat and/or metaMat!

              metadeconfoundR will try to remove these characters using the make.names() function.
INFO [2024-10-14 23:26:12] Checking robustness of data for covariates
INFO [2024-10-14 23:26:12] Computation of naive associations started.
INFO [2024-10-14 23:26:24] NaiveAssociation -- processed 100% of features.
INFO [2024-10-14 23:26:37] Deconfounding -- processed 100% of features.
INFO [2024-10-14 23:26:37] MetadecondoundR run completed successfully!
INFO [2024-11-18 07:26:47] ###
INFO [2024-11-18 07:26:47] ###
INFO [2024-11-18 07:26:47] Deconfounding run started
WARN [2024-11-18 07:26:47] Unallowed characters detected in rownames and/or colnames of featureMat and/or metaMat!

              metadeconfoundR will try to remove these characters using the make.names() function.
INFO [2024-11-18 07:26:47] Checking robustness of data for covariates
INFO [2024-11-18 07:26:47] Computation of naive associations started.
INFO [2024-11-18 07:26:50] NaiveAssociation -- processed 100% of features.
INFO [2024-11-18 07:26:54] Deconfounding -- processed 100% of features.
INFO [2024-11-18 07:26:54] MetadecondoundR run completed successfully!
INFO [2024-11-18 07:58:53] ###
INFO [2024-11-18 07:58:53] ###
INFO [2024-11-18 07:58:53] Deconfounding run started
WARN [2024-11-18 07:58:53] Unallowed characters detected in rownames and/or colnames of featureMat and/or metaMat!

              metadeconfoundR will try to remove these characters using the make.names() function.
INFO [2024-11-18 07:58:53] Checking robustness of data for covariates
INFO [2024-11-18 07:58:53] Computation of naive associations started.
INFO [2024-11-18 07:59:06] NaiveAssociation -- processed 100% of features.
INFO [2024-11-18 07:59:19] Deconfounding -- processed 100% of features.
INFO [2024-11-18 07:59:19] MetadecondoundR run completed successfully!
INFO [2024-11-18 08:29:18] ###
INFO [2024-11-18 08:29:18] ###
INFO [2024-11-18 08:29:18] Deconfounding run started
WARN [2024-11-18 08:29:18] Unallowed characters detected in rownames and/or colnames of featureMat and/or metaMat!

              metadeconfoundR will try to remove these characters using the make.names() function.
INFO [2024-11-18 08:29:18] Checking robustness of data for covariates
INFO [2024-11-18 08:29:18] Computation of naive associations started.
INFO [2024-11-18 08:29:31] NaiveAssociation -- processed 100% of features.
INFO [2024-11-18 08:29:44] Deconfounding -- processed 100% of features.
INFO [2024-11-18 08:29:44] MetadecondoundR run completed successfully!
INFO [2024-11-18 09:04:51] ###
INFO [2024-11-18 09:04:51] ###
INFO [2024-11-18 09:04:51] Deconfounding run started
WARN [2024-11-18 09:04:51] Unallowed characters detected in rownames and/or colnames of featureMat and/or metaMat!

              metadeconfoundR will try to remove these characters using the make.names() function.
INFO [2024-11-18 09:04:51] Checking robustness of data for covariates
INFO [2024-11-18 09:04:51] Computation of naive associations started.
INFO [2024-11-18 09:05:05] NaiveAssociation -- processed 100% of features.
INFO [2024-11-18 09:05:18] Deconfounding -- processed 100% of features.
INFO [2024-11-18 09:05:18] MetadecondoundR run completed successfully!
INFO [2024-11-18 09:16:36] ###
INFO [2024-11-18 09:16:36] ###
INFO [2024-11-18 09:16:36] Deconfounding run started
WARN [2024-11-18 09:16:36] Unallowed characters detected in rownames and/or colnames of featureMat and/or metaMat!

              metadeconfoundR will try to remove these characters using the make.names() function.
INFO [2024-11-18 09:16:36] Checking robustness of data for covariates
INFO [2024-11-18 09:16:36] Computation of naive associations started.
INFO [2024-11-18 09:16:48] NaiveAssociation -- processed 100% of features.
INFO [2024-11-18 09:17:01] Deconfounding -- processed 100% of features.
INFO [2024-11-18 09:17:01] MetadecondoundR run completed successfully!
INFO [2024-11-18 09:26:00] ###
INFO [2024-11-18 09:26:00] ###
INFO [2024-11-18 09:26:00] Deconfounding run started
WARN [2024-11-18 09:26:00] Unallowed characters detected in rownames and/or colnames of featureMat and/or metaMat!

              metadeconfoundR will try to remove these characters using the make.names() function.
INFO [2024-11-18 09:26:00] Checking robustness of data for covariates
INFO [2024-11-18 09:26:00] Computation of naive associations started.
INFO [2024-11-18 09:26:12] NaiveAssociation -- processed 100% of features.
INFO [2024-11-18 09:26:25] Deconfounding -- processed 100% of features.
INFO [2024-11-18 09:26:25] MetadecondoundR run completed successfully!
INFO [2024-11-18 09:35:35] ###
INFO [2024-11-18 09:35:35] ###
INFO [2024-11-18 09:35:35] Deconfounding run started
WARN [2024-11-18 09:35:35] Unallowed characters detected in rownames and/or colnames of featureMat and/or metaMat!

              metadeconfoundR will try to remove these characters using the make.names() function.
INFO [2024-11-18 09:35:35] Checking robustness of data for covariates
INFO [2024-11-18 09:35:35] Computation of naive associations started.
INFO [2024-11-18 09:35:39] NaiveAssociation -- processed 100% of features.
INFO [2024-11-18 09:35:42] Deconfounding -- processed 100% of features.
INFO [2024-11-18 09:35:42] MetadecondoundR run completed successfully!
INFO [2024-11-18 11:39:20] ###
INFO [2024-11-18 11:39:20] ###
INFO [2024-11-18 11:39:20] Deconfounding run started
WARN [2024-11-18 11:39:20] Unallowed characters detected in rownames and/or colnames of featureMat and/or metaMat!

              metadeconfoundR will try to remove these characters using the make.names() function.
INFO [2024-11-18 11:39:20] Checking robustness of data for covariates
INFO [2024-11-18 11:39:20] Computation of naive associations started.
INFO [2024-11-18 11:39:24] NaiveAssociation -- processed 100% of features.
INFO [2024-11-18 11:39:29] Deconfounding -- processed 100% of features.
INFO [2024-11-18 11:39:29] MetadecondoundR run completed successfully!
INFO [2024-11-18 11:49:45] ###
INFO [2024-11-18 11:49:45] ###
INFO [2024-11-18 11:49:45] Deconfounding run started
WARN [2024-11-18 11:49:45] Unallowed characters detected in rownames and/or colnames of featureMat and/or metaMat!

              metadeconfoundR will try to remove these characters using the make.names() function.
INFO [2024-11-18 11:49:45] Checking robustness of data for covariates
INFO [2024-11-18 11:49:45] Computation of naive associations started.
INFO [2024-11-18 11:49:50] NaiveAssociation -- processed 100% of features.
INFO [2024-11-18 11:49:54] Deconfounding -- processed 100% of features.
INFO [2024-11-18 11:49:54] MetadecondoundR run completed successfully!
INFO [2024-11-18 11:58:05] ###
INFO [2024-11-18 11:58:05] ###
INFO [2024-11-18 11:58:05] Deconfounding run started
WARN [2024-11-18 11:58:05] Unallowed characters detected in rownames and/or colnames of featureMat and/or metaMat!

              metadeconfoundR will try to remove these characters using the make.names() function.
INFO [2024-11-18 11:58:05] Checking robustness of data for covariates
INFO [2024-11-18 11:58:05] Computation of naive associations started.
INFO [2024-11-18 11:58:19] NaiveAssociation -- processed 100% of features.
INFO [2024-11-18 11:58:32] Deconfounding -- processed 100% of features.
INFO [2024-11-18 11:58:32] MetadecondoundR run completed successfully!
INFO [2024-11-18 12:24:23] ###
INFO [2024-11-18 12:24:23] ###
INFO [2024-11-18 12:24:23] Deconfounding run started
WARN [2024-11-18 12:24:23] Unallowed characters detected in rownames and/or colnames of featureMat and/or metaMat!

              metadeconfoundR will try to remove these characters using the make.names() function.
INFO [2024-11-18 12:24:23] Checking robustness of data for covariates
INFO [2024-11-18 12:24:23] Computation of naive associations started.
INFO [2024-11-18 12:24:27] NaiveAssociation -- processed 100% of features.
INFO [2024-11-18 12:24:32] Deconfounding -- processed 100% of features.
INFO [2024-11-18 12:24:32] MetadecondoundR run completed successfully!
INFO [2024-11-18 12:36:43] ###
INFO [2024-11-18 12:36:43] ###
INFO [2024-11-18 12:36:43] Deconfounding run started
WARN [2024-11-18 12:36:43] Unallowed characters detected in rownames and/or colnames of featureMat and/or metaMat!

              metadeconfoundR will try to remove these characters using the make.names() function.
INFO [2024-11-18 12:36:43] Checking robustness of data for covariates
INFO [2024-11-18 12:36:43] Computation of naive associations started.
INFO [2024-11-18 12:36:56] NaiveAssociation -- processed 100% of features.
INFO [2024-11-18 12:37:10] Deconfounding -- processed 100% of features.
INFO [2024-11-18 12:37:10] MetadecondoundR run completed successfully!
INFO [2024-12-09 12:26:41] ###
INFO [2024-12-09 12:26:41] ###
INFO [2024-12-09 12:26:41] Deconfounding run started
WARN [2024-12-09 12:26:41] Unallowed characters detected in rownames and/or colnames of featureMat and/or metaMat!

              metadeconfoundR will try to remove these characters using the make.names() function.
INFO [2024-12-09 12:26:41] Checking robustness of data for covariates
INFO [2024-12-09 12:26:41] Computation of naive associations started.
INFO [2024-12-09 12:26:51] NaiveAssociation -- processed 100% of features.
INFO [2024-12-09 12:27:01] Deconfounding -- processed 100% of features.
INFO [2024-12-09 12:27:01] MetadecondoundR run completed successfully!
INFO [2024-12-09 13:45:17] ###
INFO [2024-12-09 13:45:17] ###
INFO [2024-12-09 13:45:17] Deconfounding run started
WARN [2024-12-09 13:45:17] Unallowed characters detected in rownames and/or colnames of featureMat and/or metaMat!

              metadeconfoundR will try to remove these characters using the make.names() function.
INFO [2024-12-09 13:45:17] Checking robustness of data for covariates
INFO [2024-12-09 13:45:17] Computation of naive associations started.
INFO [2024-12-09 13:45:24] NaiveAssociation -- processed 100% of features.
INFO [2024-12-09 13:45:28] Deconfounding -- processed 100% of features.
INFO [2024-12-09 13:45:28] MetadecondoundR run completed successfully!
INFO [2024-12-09 14:44:56] ###
INFO [2024-12-09 14:44:56] ###
INFO [2024-12-09 14:44:56] Deconfounding run started
WARN [2024-12-09 14:44:56] Unallowed characters detected in rownames and/or colnames of featureMat and/or metaMat!

              metadeconfoundR will try to remove these characters using the make.names() function.
INFO [2024-12-09 14:44:56] Checking robustness of data for covariates
INFO [2024-12-09 14:44:56] Computation of naive associations started.
INFO [2024-12-09 14:45:09] NaiveAssociation -- processed 100% of features.
INFO [2024-12-09 14:45:12] Deconfounding -- processed 100% of features.
INFO [2024-12-09 14:45:12] MetadecondoundR run completed successfully!
