INFO [2023-12-11 18:43:25] [[1]]
INFO [2023-12-11 18:43:25] ven3
INFO [2023-12-11 18:43:25] 
INFO [2023-12-11 18:43:25] $filename
INFO [2023-12-11 18:43:25] NULL
INFO [2023-12-11 18:43:25] 
INFO [2023-12-11 18:43:25] $lwd
INFO [2023-12-11 18:43:25] [1] 2
INFO [2023-12-11 18:43:25] 
INFO [2023-12-11 18:43:25] $lty
INFO [2023-12-11 18:43:25] [1] 1
INFO [2023-12-11 18:43:25] 
INFO [2023-12-11 18:43:25] $fill
INFO [2023-12-11 18:43:25] c("red", "blue", "yellow")
INFO [2023-12-11 18:43:25] 
INFO [2023-12-11 18:43:25] $col
INFO [2023-12-11 18:43:25] c("red", "blue", "yellow")
INFO [2023-12-11 18:43:25] 
INFO [2023-12-11 18:43:25] $cat.col
INFO [2023-12-11 18:43:25] c("red", "blue", "yellow")
INFO [2023-12-11 18:43:25] 
INFO [2023-12-11 18:43:25] $cat.cex
INFO [2023-12-11 18:43:25] [1] 4
INFO [2023-12-11 18:43:25] 
INFO [2023-12-11 18:43:25] $rotation.degree
INFO [2023-12-11 18:43:25] [1] 0
INFO [2023-12-11 18:43:25] 
INFO [2023-12-11 18:43:25] $main
INFO [2023-12-11 18:43:25] [1] ""
INFO [2023-12-11 18:43:25] 
INFO [2023-12-11 18:43:25] $main.cex
INFO [2023-12-11 18:43:25] [1] 2
INFO [2023-12-11 18:43:25] 
INFO [2023-12-11 18:43:25] $sub
INFO [2023-12-11 18:43:25] [1] ""
INFO [2023-12-11 18:43:25] 
INFO [2023-12-11 18:43:25] $sub.cex
INFO [2023-12-11 18:43:25] [1] 1
INFO [2023-12-11 18:43:25] 
INFO [2023-12-11 18:43:25] $cex
INFO [2023-12-11 18:43:25] [1] 3
INFO [2023-12-11 18:43:25] 
INFO [2023-12-11 18:43:25] $alpha
INFO [2023-12-11 18:43:25] [1] 0.5
INFO [2023-12-11 18:43:25] 
INFO [2023-12-11 18:43:25] $reverse
INFO [2023-12-11 18:43:25] [1] TRUE
INFO [2023-12-11 18:43:25] 
INFO [2023-12-11 18:43:25] $scaled
INFO [2023-12-11 18:43:25] [1] FALSE
INFO [2023-12-11 18:43:25] 
