INFO [2023-12-11 18:43:46] [[1]]
INFO [2023-12-11 18:43:46] ven3
INFO [2023-12-11 18:43:46] 
INFO [2023-12-11 18:43:46] $filename
INFO [2023-12-11 18:43:46] NULL
INFO [2023-12-11 18:43:46] 
INFO [2023-12-11 18:43:46] $lwd
INFO [2023-12-11 18:43:46] [1] 2
INFO [2023-12-11 18:43:46] 
INFO [2023-12-11 18:43:46] $lty
INFO [2023-12-11 18:43:46] [1] 1
INFO [2023-12-11 18:43:46] 
INFO [2023-12-11 18:43:46] $fill
INFO [2023-12-11 18:43:46] c("red", "blue", "yellow")
INFO [2023-12-11 18:43:46] 
INFO [2023-12-11 18:43:46] $col
INFO [2023-12-11 18:43:46] c("red", "blue", "yellow")
INFO [2023-12-11 18:43:46] 
INFO [2023-12-11 18:43:46] $cat.col
INFO [2023-12-11 18:43:46] c("red", "blue", "yellow")
INFO [2023-12-11 18:43:46] 
INFO [2023-12-11 18:43:46] $cat.cex
INFO [2023-12-11 18:43:46] [1] 4
INFO [2023-12-11 18:43:46] 
INFO [2023-12-11 18:43:46] $rotation.degree
INFO [2023-12-11 18:43:46] [1] 0
INFO [2023-12-11 18:43:46] 
INFO [2023-12-11 18:43:46] $main
INFO [2023-12-11 18:43:46] [1] ""
INFO [2023-12-11 18:43:46] 
INFO [2023-12-11 18:43:46] $main.cex
INFO [2023-12-11 18:43:46] [1] 2
INFO [2023-12-11 18:43:46] 
INFO [2023-12-11 18:43:46] $sub
INFO [2023-12-11 18:43:46] [1] ""
INFO [2023-12-11 18:43:46] 
INFO [2023-12-11 18:43:46] $sub.cex
INFO [2023-12-11 18:43:46] [1] 1
INFO [2023-12-11 18:43:46] 
INFO [2023-12-11 18:43:46] $cex
INFO [2023-12-11 18:43:46] [1] 3
INFO [2023-12-11 18:43:46] 
INFO [2023-12-11 18:43:46] $alpha
INFO [2023-12-11 18:43:46] [1] 0.5
INFO [2023-12-11 18:43:46] 
INFO [2023-12-11 18:43:46] $reverse
INFO [2023-12-11 18:43:46] [1] TRUE
INFO [2023-12-11 18:43:46] 
INFO [2023-12-11 18:43:46] $scaled
INFO [2023-12-11 18:43:46] [1] FALSE
INFO [2023-12-11 18:43:46] 
