INFO [2023-12-11 20:13:24] [[1]]
INFO [2023-12-11 20:13:24] ven3
INFO [2023-12-11 20:13:24] 
INFO [2023-12-11 20:13:24] $filename
INFO [2023-12-11 20:13:24] NULL
INFO [2023-12-11 20:13:24] 
INFO [2023-12-11 20:13:24] $lwd
INFO [2023-12-11 20:13:24] [1] 2
INFO [2023-12-11 20:13:24] 
INFO [2023-12-11 20:13:24] $lty
INFO [2023-12-11 20:13:24] [1] 1
INFO [2023-12-11 20:13:24] 
INFO [2023-12-11 20:13:24] $fill
INFO [2023-12-11 20:13:24] c("red", "blue", "yellow")
INFO [2023-12-11 20:13:24] 
INFO [2023-12-11 20:13:24] $col
INFO [2023-12-11 20:13:24] c("red", "blue", "yellow")
INFO [2023-12-11 20:13:24] 
INFO [2023-12-11 20:13:24] $cat.col
INFO [2023-12-11 20:13:24] c("red", "blue", "yellow")
INFO [2023-12-11 20:13:24] 
INFO [2023-12-11 20:13:24] $cat.cex
INFO [2023-12-11 20:13:24] [1] 4
INFO [2023-12-11 20:13:24] 
INFO [2023-12-11 20:13:24] $rotation.degree
INFO [2023-12-11 20:13:24] [1] 0
INFO [2023-12-11 20:13:24] 
INFO [2023-12-11 20:13:24] $main
INFO [2023-12-11 20:13:24] [1] ""
INFO [2023-12-11 20:13:24] 
INFO [2023-12-11 20:13:24] $main.cex
INFO [2023-12-11 20:13:24] [1] 2
INFO [2023-12-11 20:13:24] 
INFO [2023-12-11 20:13:24] $sub
INFO [2023-12-11 20:13:24] [1] ""
INFO [2023-12-11 20:13:24] 
INFO [2023-12-11 20:13:24] $sub.cex
INFO [2023-12-11 20:13:24] [1] 1
INFO [2023-12-11 20:13:24] 
INFO [2023-12-11 20:13:24] $cex
INFO [2023-12-11 20:13:24] [1] 3
INFO [2023-12-11 20:13:24] 
INFO [2023-12-11 20:13:24] $alpha
INFO [2023-12-11 20:13:24] [1] 0.5
INFO [2023-12-11 20:13:24] 
INFO [2023-12-11 20:13:24] $reverse
INFO [2023-12-11 20:13:24] [1] TRUE
INFO [2023-12-11 20:13:24] 
INFO [2023-12-11 20:13:24] $scaled
INFO [2023-12-11 20:13:24] [1] FALSE
INFO [2023-12-11 20:13:24] 
